app/build/intermediates/manifest_merge_blame_file/debug/manifest-merger-blame-debug-report.txt
1<?xml version="1.0" encoding="utf-8"?>
2<manifest xmlns:android="http://schemas.android.com/apk/res/android"
3    package="org.LBA.PrepaidCard"
4    android:versionCode="1"
5    android:versionName="1.0" >
6
7    <uses-sdk
8        android:minSdkVersion="19"
8-->src\main\AndroidManifest.xml
9        android:targetSdkVersion="28" />
9-->src\main\AndroidManifest.xml
10
11    <uses-permission android:name="android.permission.INTERNET" />
11-->src\main\AndroidManifest.xml:4:5-67
11-->src\main\AndroidManifest.xml:4:22-64
12    <uses-permission android:name="android.permission.USE_BIOMETRIC" /> <!-- suppress DeprecatedClassUsageInspection -->
12-->[androidx.biometric:biometric:1.1.0] AndroidManifest.xml:24:5-72
12-->[androidx.biometric:biometric:1.1.0] AndroidManifest.xml:24:22-69
13    <uses-permission android:name="android.permission.USE_FINGERPRINT" />
13-->[androidx.biometric:biometric:1.1.0] AndroidManifest.xml:27:5-74
13-->[androidx.biometric:biometric:1.1.0] AndroidManifest.xml:27:22-71
14
15    <application
15-->src\main\AndroidManifest.xml:5:5-36:19
16        android:allowBackup="true"
16-->src\main\AndroidManifest.xml:6:9-35
17        android:appComponentFactory="androidx.core.app.CoreComponentFactory"
17-->[androidx.core:core:1.5.0] AndroidManifest.xml:24:18-86
18        android:debuggable="true"
19        android:icon="@mipmap/ic_launcher"
19-->src\main\AndroidManifest.xml:7:9-43
20        android:label="@string/app_name"
20-->src\main\AndroidManifest.xml:8:9-41
21        android:supportsRtl="true"
21-->src\main\AndroidManifest.xml:9:9-35
22        android:testOnly="true"
23        android:theme="@style/AppTheme" >
23-->src\main\AndroidManifest.xml:10:9-40
24        <uses-library
24-->src\main\AndroidManifest.xml:11:9-89
25            android:name="org.apache.http.legacy"
25-->src\main\AndroidManifest.xml:11:23-61
26            android:required="false" />
26-->src\main\AndroidManifest.xml:11:62-87
27
28        <activity
28-->src\main\AndroidManifest.xml:12:9-17:20
29            android:name="com.LBA.prepaidPortal.activity.HomeActivity"
29-->src\main\AndroidManifest.xml:13:13-71
30            android:exported="false"
30-->src\main\AndroidManifest.xml:14:13-37
31            android:windowSoftInputMode="adjustPan" >
31-->src\main\AndroidManifest.xml:15:13-52
32        </activity>
33        <activity android:name="com.LBA.prepaidPortal.activity.Z_WelcomeActivity" />
33-->src\main\AndroidManifest.xml:18:9-64
33-->src\main\AndroidManifest.xml:18:19-61
34        <activity android:name="com.LBA.prepaidPortal.activity.LastTransactionResult" />
34-->src\main\AndroidManifest.xml:19:9-68
34-->src\main\AndroidManifest.xml:19:19-65
35        <activity android:name="com.LBA.prepaidPortal.activity.ForgotPassword" />
35-->src\main\AndroidManifest.xml:20:9-61
35-->src\main\AndroidManifest.xml:20:19-58
36        <activity
36-->src\main\AndroidManifest.xml:21:9-24:20
37            android:name="com.LBA.prepaidPortal.activity.BaseActivity"
37-->src\main\AndroidManifest.xml:22:13-71
38            android:exported="false" >
38-->src\main\AndroidManifest.xml:23:13-37
39        </activity>
40        <activity
40-->src\main\AndroidManifest.xml:26:9-35:20
41            android:name="com.LBA.MainActivity"
41-->src\main\AndroidManifest.xml:27:13-48
42            android:exported="true"
42-->src\main\AndroidManifest.xml:29:13-36
43            android:windowSoftInputMode="adjustPan" >
43-->src\main\AndroidManifest.xml:28:13-52
44            <intent-filter>
44-->src\main\AndroidManifest.xml:30:13-34:29
45                <action android:name="android.intent.action.MAIN" />
45-->src\main\AndroidManifest.xml:31:17-69
45-->src\main\AndroidManifest.xml:31:25-66
46
47                <category android:name="android.intent.category.LAUNCHER" />
47-->src\main\AndroidManifest.xml:33:17-77
47-->src\main\AndroidManifest.xml:33:27-74
48            </intent-filter>
49        </activity>
50    </application>
51
52</manifest>